[INFO] Scanning for projects...
[INFO] 
[INFO] ---------------------< br.edu.infnet:api-usuario >----------------------
[INFO] Building api-usuario 0.0.1-SNAPSHOT
[INFO] --------------------------------[ jar ]---------------------------------
[WARNING] The artifact mysql:mysql-connector-java:jar:8.0.31 has been relocated to com.mysql:mysql-connector-j:jar:8.0.31: MySQL Connector/J artifacts moved to reverse-DNS compliant Maven 2+ coordinates.
[INFO] 
[INFO] --- maven-clean-plugin:3.2.0:clean (default-clean) @ api-usuario ---
[INFO] Deleting /Users/ericklppinho/Workspace/appecommerce/api-usuario/target
[INFO] 
[INFO] >>> spring-boot-maven-plugin:2.7.5:run (default-cli) > test-compile @ api-usuario >>>
[INFO] 
[INFO] --- maven-resources-plugin:3.2.0:resources (default-resources) @ api-usuario ---
[INFO] Using 'UTF-8' encoding to copy filtered resources.
[INFO] Using 'UTF-8' encoding to copy filtered properties files.
[INFO] Copying 1 resource
[INFO] Copying 0 resource
[INFO] 
[INFO] --- maven-compiler-plugin:3.10.1:compile (default-compile) @ api-usuario ---
[INFO] Changes detected - recompiling the module!
[INFO] Compiling 12 source files to /Users/ericklppinho/Workspace/appecommerce/api-usuario/target/classes
[INFO] 
[INFO] --- maven-resources-plugin:3.2.0:testResources (default-testResources) @ api-usuario ---
[INFO] Using 'UTF-8' encoding to copy filtered resources.
[INFO] Using 'UTF-8' encoding to copy filtered properties files.
[INFO] skip non existing resourceDirectory /Users/ericklppinho/Workspace/appecommerce/api-usuario/src/test/resources
[INFO] 
[INFO] --- maven-compiler-plugin:3.10.1:testCompile (default-testCompile) @ api-usuario ---
[INFO] Changes detected - recompiling the module!
[INFO] Compiling 1 source file to /Users/ericklppinho/Workspace/appecommerce/api-usuario/target/test-classes
[INFO] 
[INFO] <<< spring-boot-maven-plugin:2.7.5:run (default-cli) < test-compile @ api-usuario <<<
[INFO] 
[INFO] 
[INFO] --- spring-boot-maven-plugin:2.7.5:run (default-cli) @ api-usuario ---
[INFO] Attaching agents: []

  .   ____          _            __ _ _
 /\\ / ___'_ __ _ _(_)_ __  __ _ \ \ \ \
( ( )\___ | '_ | '_| | '_ \/ _` | \ \ \ \
 \\/  ___)| |_)| | | | | || (_| |  ) ) ) )
  '  |____| .__|_| |_|_| |_\__, | / / / /
 =========|_|==============|___/=/_/_/_/
 :: Spring Boot ::                (v2.7.5)

2022-11-17 23:04:19.879  INFO 36338 --- [           main] b.e.i.apiusuario.ApiUsuarioApplication   : Starting ApiUsuarioApplication using Java 11.0.13 on MacBook-Pro-de-Erick.local with PID 36338 (/Users/ericklppinho/Workspace/appecommerce/api-usuario/target/classes started by ericklppinho in /Users/ericklppinho/Workspace/appecommerce/api-usuario)
2022-11-17 23:04:19.881  INFO 36338 --- [           main] b.e.i.apiusuario.ApiUsuarioApplication   : No active profile set, falling back to 1 default profile: "default"
2022-11-17 23:04:20.466  INFO 36338 --- [           main] .s.d.r.c.RepositoryConfigurationDelegate : Bootstrapping Spring Data JPA repositories in DEFAULT mode.
2022-11-17 23:04:20.507  INFO 36338 --- [           main] .s.d.r.c.RepositoryConfigurationDelegate : Finished Spring Data repository scanning in 34 ms. Found 1 JPA repository interfaces.
2022-11-17 23:04:20.923  INFO 36338 --- [           main] o.s.b.w.embedded.tomcat.TomcatWebServer  : Tomcat initialized with port(s): 8081 (http)
2022-11-17 23:04:20.933  INFO 36338 --- [           main] o.apache.catalina.core.StandardService   : Starting service [Tomcat]
2022-11-17 23:04:20.933  INFO 36338 --- [           main] org.apache.catalina.core.StandardEngine  : Starting Servlet engine: [Apache Tomcat/9.0.68]
2022-11-17 23:04:21.156  INFO 36338 --- [           main] org.apache.jasper.servlet.TldScanner     : At least one JAR was scanned for TLDs yet contained no TLDs. Enable debug logging for this logger for a complete list of JARs that were scanned but no TLDs were found in them. Skipping unneeded JARs during scanning can improve startup time and JSP compilation time.
2022-11-17 23:04:21.164  INFO 36338 --- [           main] o.a.c.c.C.[Tomcat].[localhost].[/]       : Initializing Spring embedded WebApplicationContext
2022-11-17 23:04:21.165  INFO 36338 --- [           main] w.s.c.ServletWebServerApplicationContext : Root WebApplicationContext: initialization completed in 1240 ms
2022-11-17 23:04:21.301  INFO 36338 --- [           main] o.hibernate.jpa.internal.util.LogHelper  : HHH000204: Processing PersistenceUnitInfo [name: default]
2022-11-17 23:04:21.357  INFO 36338 --- [           main] org.hibernate.Version                    : HHH000412: Hibernate ORM core version 5.6.12.Final
2022-11-17 23:04:21.463  INFO 36338 --- [           main] o.hibernate.annotations.common.Version   : HCANN000001: Hibernate Commons Annotations {5.1.2.Final}
2022-11-17 23:04:21.540  INFO 36338 --- [           main] com.zaxxer.hikari.HikariDataSource       : HikariPool-1 - Starting...
2022-11-17 23:04:21.825  INFO 36338 --- [           main] com.zaxxer.hikari.HikariDataSource       : HikariPool-1 - Start completed.
2022-11-17 23:04:21.842  INFO 36338 --- [           main] org.hibernate.dialect.Dialect            : HHH000400: Using dialect: org.hibernate.dialect.MySQL8Dialect
2022-11-17 23:04:22.608  INFO 36338 --- [           main] o.h.e.t.j.p.i.JtaPlatformInitiator       : HHH000490: Using JtaPlatform implementation: [org.hibernate.engine.transaction.jta.platform.internal.NoJtaPlatform]
2022-11-17 23:04:22.616  INFO 36338 --- [           main] j.LocalContainerEntityManagerFactoryBean : Initialized JPA EntityManagerFactory for persistence unit 'default'
2022-11-17 23:04:22.930  WARN 36338 --- [           main] JpaBaseConfiguration$JpaWebConfiguration : spring.jpa.open-in-view is enabled by default. Therefore, database queries may be performed during view rendering. Explicitly configure spring.jpa.open-in-view to disable this warning
2022-11-17 23:04:23.258  INFO 36338 --- [           main] o.s.b.w.embedded.tomcat.TomcatWebServer  : Tomcat started on port(s): 8081 (http) with context path ''
2022-11-17 23:04:23.268  INFO 36338 --- [           main] b.e.i.apiusuario.ApiUsuarioApplication   : Started ApiUsuarioApplication in 3.91 seconds (JVM running for 4.312)
2022-11-17 23:04:48.866  INFO 36338 --- [nio-8081-exec-1] o.a.c.c.C.[Tomcat].[localhost].[/]       : Initializing Spring DispatcherServlet 'dispatcherServlet'
2022-11-17 23:04:48.867  INFO 36338 --- [nio-8081-exec-1] o.s.web.servlet.DispatcherServlet        : Initializing Servlet 'dispatcherServlet'
2022-11-17 23:04:48.877  INFO 36338 --- [nio-8081-exec-1] o.s.web.servlet.DispatcherServlet        : Completed initialization in 10 ms
