[INFO] Scanning for projects...
[INFO] 
[INFO] ----------------------< br.edu.infnet:api-pedido >----------------------
[INFO] Building api-pedido 0.0.1-SNAPSHOT
[INFO] --------------------------------[ jar ]---------------------------------
[WARNING] The artifact mysql:mysql-connector-java:jar:8.0.31 has been relocated to com.mysql:mysql-connector-j:jar:8.0.31: MySQL Connector/J artifacts moved to reverse-DNS compliant Maven 2+ coordinates.
[INFO] 
[INFO] --- maven-clean-plugin:3.2.0:clean (default-clean) @ api-pedido ---
[INFO] Deleting /Users/ericklppinho/Workspace/appecommerce/api-pedido/target
[INFO] 
[INFO] >>> spring-boot-maven-plugin:2.7.5:run (default-cli) > test-compile @ api-pedido >>>
[INFO] 
[INFO] --- maven-resources-plugin:3.2.0:resources (default-resources) @ api-pedido ---
[INFO] Using 'UTF-8' encoding to copy filtered resources.
[INFO] Using 'UTF-8' encoding to copy filtered properties files.
[INFO] Copying 1 resource
[INFO] Copying 0 resource
[INFO] 
[INFO] --- maven-compiler-plugin:3.10.1:compile (default-compile) @ api-pedido ---
[INFO] Changes detected - recompiling the module!
[INFO] Compiling 12 source files to /Users/ericklppinho/Workspace/appecommerce/api-pedido/target/classes
[INFO] 
[INFO] --- maven-resources-plugin:3.2.0:testResources (default-testResources) @ api-pedido ---
[INFO] Using 'UTF-8' encoding to copy filtered resources.
[INFO] Using 'UTF-8' encoding to copy filtered properties files.
[INFO] skip non existing resourceDirectory /Users/ericklppinho/Workspace/appecommerce/api-pedido/src/test/resources
[INFO] 
[INFO] --- maven-compiler-plugin:3.10.1:testCompile (default-testCompile) @ api-pedido ---
[INFO] Changes detected - recompiling the module!
[INFO] Compiling 1 source file to /Users/ericklppinho/Workspace/appecommerce/api-pedido/target/test-classes
[INFO] 
[INFO] <<< spring-boot-maven-plugin:2.7.5:run (default-cli) < test-compile @ api-pedido <<<
[INFO] 
[INFO] 
[INFO] --- spring-boot-maven-plugin:2.7.5:run (default-cli) @ api-pedido ---
[INFO] Attaching agents: []

  .   ____          _            __ _ _
 /\\ / ___'_ __ _ _(_)_ __  __ _ \ \ \ \
( ( )\___ | '_ | '_| | '_ \/ _` | \ \ \ \
 \\/  ___)| |_)| | | | | || (_| |  ) ) ) )
  '  |____| .__|_| |_|_| |_\__, | / / / /
 =========|_|==============|___/=/_/_/_/
 :: Spring Boot ::                (v2.7.5)

2022-11-17 23:00:11.452  INFO 35195 --- [           main] b.e.i.apipedido.ApiUsuarioApplication    : Starting ApiUsuarioApplication using Java 11.0.13 on MacBook-Pro-de-Erick.local with PID 35195 (/Users/ericklppinho/Workspace/appecommerce/api-pedido/target/classes started by ericklppinho in /Users/ericklppinho/Workspace/appecommerce/api-pedido)
2022-11-17 23:00:11.455  INFO 35195 --- [           main] b.e.i.apipedido.ApiUsuarioApplication    : No active profile set, falling back to 1 default profile: "default"
2022-11-17 23:00:12.045  INFO 35195 --- [           main] .s.d.r.c.RepositoryConfigurationDelegate : Bootstrapping Spring Data JPA repositories in DEFAULT mode.
2022-11-17 23:00:12.090  INFO 35195 --- [           main] .s.d.r.c.RepositoryConfigurationDelegate : Finished Spring Data repository scanning in 37 ms. Found 1 JPA repository interfaces.
2022-11-17 23:00:12.511  INFO 35195 --- [           main] o.s.b.w.embedded.tomcat.TomcatWebServer  : Tomcat initialized with port(s): 8083 (http)
2022-11-17 23:00:12.522  INFO 35195 --- [           main] o.apache.catalina.core.StandardService   : Starting service [Tomcat]
2022-11-17 23:00:12.522  INFO 35195 --- [           main] org.apache.catalina.core.StandardEngine  : Starting Servlet engine: [Apache Tomcat/9.0.68]
2022-11-17 23:00:12.752  INFO 35195 --- [           main] org.apache.jasper.servlet.TldScanner     : At least one JAR was scanned for TLDs yet contained no TLDs. Enable debug logging for this logger for a complete list of JARs that were scanned but no TLDs were found in them. Skipping unneeded JARs during scanning can improve startup time and JSP compilation time.
2022-11-17 23:00:12.761  INFO 35195 --- [           main] o.a.c.c.C.[Tomcat].[localhost].[/]       : Initializing Spring embedded WebApplicationContext
2022-11-17 23:00:12.761  INFO 35195 --- [           main] w.s.c.ServletWebServerApplicationContext : Root WebApplicationContext: initialization completed in 1260 ms
2022-11-17 23:00:12.903  INFO 35195 --- [           main] o.hibernate.jpa.internal.util.LogHelper  : HHH000204: Processing PersistenceUnitInfo [name: default]
2022-11-17 23:00:12.960  INFO 35195 --- [           main] org.hibernate.Version                    : HHH000412: Hibernate ORM core version 5.6.12.Final
2022-11-17 23:00:13.082  INFO 35195 --- [           main] o.hibernate.annotations.common.Version   : HCANN000001: Hibernate Commons Annotations {5.1.2.Final}
2022-11-17 23:00:13.175  INFO 35195 --- [           main] com.zaxxer.hikari.HikariDataSource       : HikariPool-1 - Starting...
2022-11-17 23:00:13.506  INFO 35195 --- [           main] com.zaxxer.hikari.HikariDataSource       : HikariPool-1 - Start completed.
2022-11-17 23:00:13.530  INFO 35195 --- [           main] org.hibernate.dialect.Dialect            : HHH000400: Using dialect: org.hibernate.dialect.MySQL8Dialect
2022-11-17 23:00:14.409  INFO 35195 --- [           main] o.h.e.t.j.p.i.JtaPlatformInitiator       : HHH000490: Using JtaPlatform implementation: [org.hibernate.engine.transaction.jta.platform.internal.NoJtaPlatform]
2022-11-17 23:00:14.417  INFO 35195 --- [           main] j.LocalContainerEntityManagerFactoryBean : Initialized JPA EntityManagerFactory for persistence unit 'default'
2022-11-17 23:00:14.904  WARN 35195 --- [           main] JpaBaseConfiguration$JpaWebConfiguration : spring.jpa.open-in-view is enabled by default. Therefore, database queries may be performed during view rendering. Explicitly configure spring.jpa.open-in-view to disable this warning
2022-11-17 23:00:15.262  INFO 35195 --- [           main] o.s.b.w.embedded.tomcat.TomcatWebServer  : Tomcat started on port(s): 8083 (http) with context path ''
2022-11-17 23:00:15.273  INFO 35195 --- [           main] b.e.i.apipedido.ApiUsuarioApplication    : Started ApiUsuarioApplication in 4.233 seconds (JVM running for 4.704)
2022-11-17 23:04:49.755  INFO 35195 --- [nio-8083-exec-1] o.a.c.c.C.[Tomcat].[localhost].[/]       : Initializing Spring DispatcherServlet 'dispatcherServlet'
2022-11-17 23:04:49.757  INFO 35195 --- [nio-8083-exec-1] o.s.web.servlet.DispatcherServlet        : Initializing Servlet 'dispatcherServlet'
2022-11-17 23:04:49.780  INFO 35195 --- [nio-8083-exec-1] o.s.web.servlet.DispatcherServlet        : Completed initialization in 23 ms
